<?xml version="1.0" encoding="UTF-8"?>
<testsuite name="ohtu.verkkokauppa.KauppaTest" tests="8" skipped="0" failures="0" errors="0" timestamp="2018-11-23T13:40:48" hostname="resurrected-rohjo" time="0.647">
  <properties/>
  <testcase name="ostotapahtumaKahdellaSamallaTuotteella" classname="ohtu.verkkokauppa.KauppaTest" time="0.636"/>
  <testcase name="ostotapahtumaTuotteelleJokaOnLoppuJaTuotteelleVarastossa" classname="ohtu.verkkokauppa.KauppaTest" time="0.001"/>
  <testcase name="ostoksenPaaytyttyaPankinMetodiaTilisiirtoKutsutaanOikeillaParametreilla" classname="ohtu.verkkokauppa.KauppaTest" time="0.001"/>
  <testcase name="uusiViiteNumeroJokaiselleTapahtumalle" classname="ohtu.verkkokauppa.KauppaTest" time="0.002"/>
  <testcase name="ostoksenPaaytyttyaPankinMetodiaTilisiirtoKutsutaan" classname="ohtu.verkkokauppa.KauppaTest" time="0.001"/>
  <testcase name="poistaminenKoristaPalauttaaVarastoon" classname="ohtu.verkkokauppa.KauppaTest" time="0.001"/>
  <testcase name="ostotapahtumaKahdellaEriTuotteella" classname="ohtu.verkkokauppa.KauppaTest" time="0.002"/>
  <testcase name="aloitaAsiointiNollaaMaksutiedot" classname="ohtu.verkkokauppa.KauppaTest" time="0.002"/>
  <system-out><![CDATA[]]></system-out>
  <system-err><![CDATA[]]></system-err>
</testsuite>
